{"/home/h4x/workspace/dstack/kms/auth-eth/src/ethereum.ts": {"path":"/home/h4x/workspace/dstack/kms/auth-eth/src/ethereum.ts","statementMap":{"0":{"start":{"line":5,"column":0},"end":{"line":5,"column":32}},"1":{"start":{"line":9,"column":23},"end":{"line":14,"column":2}},"2":{"start":{"line":21,"column":4},"end":{"line":21,"column":29}},"3":{"start":{"line":22,"column":4},"end":{"line":26,"column":6}},"4":{"start":{"line":31,"column":4},"end":{"line":31,"column":52}},"5":{"start":{"line":34,"column":4},"end":{"line":34,"column":36}},"6":{"start":{"line":37,"column":4},"end":{"line":37,"column":22}},"7":{"start":{"line":42,"column":27},"end":{"line":52,"column":6}},"8":{"start":{"line":54,"column":4},"end":{"line":58,"column":5}},"9":{"start":{"line":55,"column":6},"end":{"line":55,"column":69}},"10":{"start":{"line":57,"column":6},"end":{"line":57,"column":69}},"11":{"start":{"line":59,"column":32},"end":{"line":59,"column":40}},"12":{"start":{"line":60,"column":25},"end":{"line":60,"column":62}},"13":{"start":{"line":61,"column":4},"end":{"line":65,"column":null}},"14":{"start":{"line":69,"column":4},"end":{"line":69,"column":49}},"15":{"start":{"line":73,"column":20},"end":{"line":73,"column":87}},"16":{"start":{"line":73,"column":71},"end":{"line":73,"column":86}},"17":{"start":{"line":74,"column":4},"end":{"line":74,"column":27}},"18":{"start":{"line":78,"column":4},"end":{"line":78,"column":54}},"19":{"start":{"line":16,"column":0},"end":{"line":16,"column":13}}},"fnMap":{"0":{"name":"(anonymous_0)","decl":{"start":{"line":20,"column":2},"end":{"line":20,"column":14}},"loc":{"start":{"line":20,"column":71},"end":{"line":27,"column":3}}},"1":{"name":"(anonymous_1)","decl":{"start":{"line":29,"column":10},"end":{"line":29,"column":19}},"loc":{"start":{"line":29,"column":48},"end":{"line":38,"column":3}}},"2":{"name":"(anonymous_2)","decl":{"start":{"line":40,"column":2},"end":{"line":40,"column":7}},"loc":{"start":{"line":40,"column":52},"end":{"line":66,"column":3}}},"3":{"name":"(anonymous_3)","decl":{"start":{"line":68,"column":2},"end":{"line":68,"column":7}},"loc":{"start":{"line":68,"column":23},"end":{"line":70,"column":3}}},"4":{"name":"(anonymous_4)","decl":{"start":{"line":72,"column":2},"end":{"line":72,"column":7}},"loc":{"start":{"line":72,"column":18},"end":{"line":75,"column":3}}},"5":{"name":"(anonymous_5)","decl":{"start":{"line":73,"column":58},"end":{"line":73,"column":59}},"loc":{"start":{"line":73,"column":71},"end":{"line":73,"column":86}}},"6":{"name":"(anonymous_6)","decl":{"start":{"line":77,"column":2},"end":{"line":77,"column":7}},"loc":{"start":{"line":77,"column":28},"end":{"line":79,"column":3}}}},"branchMap":{"0":{"loc":{"start":{"line":29,"column":33},"end":{"line":29,"column":48}},"type":"default-arg","locations":[{"start":{"line":29,"column":46},"end":{"line":29,"column":48}}]},"1":{"loc":{"start":{"line":31,"column":10},"end":{"line":31,"column":51}},"type":"cond-expr","locations":[{"start":{"line":31,"column":33},"end":{"line":31,"column":45}},{"start":{"line":31,"column":48},"end":{"line":31,"column":51}}]},"2":{"loc":{"start":{"line":54,"column":4},"end":{"line":58,"column":5}},"type":"if","locations":[{"start":{"line":54,"column":4},"end":{"line":58,"column":5}},{"start":{"line":56,"column":11},"end":{"line":58,"column":5}}]}},"s":{"0":0,"1":0,"2":0,"3":0,"4":0,"5":0,"6":0,"7":0,"8":0,"9":0,"10":0,"11":0,"12":0,"13":0,"14":0,"15":0,"16":0,"17":0,"18":0,"19":0},"f":{"0":0,"1":0,"2":0,"3":0,"4":0,"5":0,"6":0},"b":{"0":[0],"1":[0,0],"2":[0,0]}}
,"/home/h4x/workspace/dstack/kms/auth-eth/src/main.ts": {"path":"/home/h4x/workspace/dstack/kms/auth-eth/src/main.ts","statementMap":{"0":{"start":{"line":5,"column":0},"end":{"line":5,"column":32}},"1":{"start":{"line":6,"column":0},"end":{"line":6,"column":33}},"2":{"start":{"line":9,"column":0},"end":{"line":9,"column":9}},"3":{"start":{"line":12,"column":2},"end":{"line":36,"column":3}},"4":{"start":{"line":13,"column":17},"end":{"line":13,"column":69}},"5":{"start":{"line":14,"column":17},"end":{"line":14,"column":48}},"6":{"start":{"line":16,"column":19},"end":{"line":16,"column":32}},"7":{"start":{"line":17,"column":4},"end":{"line":17,"column":40}},"8":{"start":{"line":18,"column":4},"end":{"line":18,"column":55}},"9":{"start":{"line":21,"column":20},"end":{"line":21,"column":41}},"10":{"start":{"line":22,"column":4},"end":{"line":32,"column":5}},"11":{"start":{"line":23,"column":6},"end":{"line":31,"column":9}},"12":{"start":{"line":24,"column":8},"end":{"line":30,"column":9}},"13":{"start":{"line":25,"column":10},"end":{"line":25,"column":31}},"14":{"start":{"line":26,"column":10},"end":{"line":26,"column":26}},"15":{"start":{"line":28,"column":10},"end":{"line":28,"column":55}},"16":{"start":{"line":29,"column":10},"end":{"line":29,"column":26}},"17":{"start":{"line":34,"column":4},"end":{"line":34,"column":49}},"18":{"start":{"line":35,"column":4},"end":{"line":35,"column":20}},"19":{"start":{"line":39,"column":0},"end":{"line":39,"column":7}}},"fnMap":{"0":{"name":"main","decl":{"start":{"line":11,"column":15},"end":{"line":11,"column":19}},"loc":{"start":{"line":11,"column":19},"end":{"line":37,"column":1}}},"1":{"name":"(anonymous_1)","decl":{"start":{"line":23,"column":25},"end":{"line":23,"column":30}},"loc":{"start":{"line":23,"column":36},"end":{"line":31,"column":7}}}},"branchMap":{"0":{"loc":{"start":{"line":13,"column":17},"end":{"line":13,"column":69}},"type":"cond-expr","locations":[{"start":{"line":13,"column":36},"end":{"line":13,"column":62}},{"start":{"line":13,"column":65},"end":{"line":13,"column":69}}]},"1":{"loc":{"start":{"line":14,"column":17},"end":{"line":14,"column":48}},"type":"binary-expr","locations":[{"start":{"line":14,"column":17},"end":{"line":14,"column":33}},{"start":{"line":14,"column":37},"end":{"line":14,"column":48}}]}},"s":{"0":0,"1":0,"2":0,"3":0,"4":0,"5":0,"6":0,"7":0,"8":0,"9":0,"10":0,"11":0,"12":0,"13":0,"14":0,"15":0,"16":0,"17":0,"18":0,"19":0},"f":{"0":0,"1":0},"b":{"0":[0,0],"1":[0,0]}}
,"/home/h4x/workspace/dstack/kms/auth-eth/src/server.ts": {"path":"/home/h4x/workspace/dstack/kms/auth-eth/src/server.ts","statementMap":{"0":{"start":{"line":16,"column":0},"end":{"line":16,"column":7}},"1":{"start":{"line":5,"column":0},"end":{"line":5,"column":51}},"2":{"start":{"line":6,"column":0},"end":{"line":6,"column":45}},"3":{"start":{"line":8,"column":0},"end":{"line":8,"column":32}},"4":{"start":{"line":17,"column":17},"end":{"line":19,"column":4}},"5":{"start":{"line":22,"column":2},"end":{"line":34,"column":5}},"6":{"start":{"line":36,"column":2},"end":{"line":45,"column":5}},"7":{"start":{"line":48,"column":17},"end":{"line":48,"column":67}},"8":{"start":{"line":49,"column":26},"end":{"line":49,"column":103}},"9":{"start":{"line":50,"column":19},"end":{"line":50,"column":53}},"10":{"start":{"line":51,"column":2},"end":{"line":51,"column":78}},"11":{"start":{"line":53,"column":2},"end":{"line":67,"column":5}},"12":{"start":{"line":54,"column":18},"end":{"line":58,"column":6}},"13":{"start":{"line":59,"column":4},"end":{"line":66,"column":6}},"14":{"start":{"line":70,"column":2},"end":{"line":91,"column":5}},"15":{"start":{"line":81,"column":4},"end":{"line":90,"column":5}},"16":{"start":{"line":82,"column":6},"end":{"line":82,"column":66}},"17":{"start":{"line":84,"column":6},"end":{"line":84,"column":27}},"18":{"start":{"line":85,"column":6},"end":{"line":89,"column":9}},"19":{"start":{"line":93,"column":2},"end":{"line":116,"column":5}},"20":{"start":{"line":104,"column":4},"end":{"line":115,"column":5}},"21":{"start":{"line":105,"column":6},"end":{"line":105,"column":65}},"22":{"start":{"line":107,"column":6},"end":{"line":109,"column":7}},"23":{"start":{"line":108,"column":8},"end":{"line":108,"column":29}},"24":{"start":{"line":110,"column":6},"end":{"line":114,"column":9}},"25":{"start":{"line":118,"column":2},"end":{"line":118,"column":16}}},"fnMap":{"0":{"name":"build","decl":{"start":{"line":16,"column":22},"end":{"line":16,"column":27}},"loc":{"start":{"line":16,"column":27},"end":{"line":119,"column":1}}},"1":{"name":"(anonymous_2)","decl":{"start":{"line":53,"column":18},"end":{"line":53,"column":23}},"loc":{"start":{"line":53,"column":43},"end":{"line":67,"column":3}}},"2":{"name":"(anonymous_3)","decl":{"start":{"line":80,"column":5},"end":{"line":80,"column":10}},"loc":{"start":{"line":80,"column":30},"end":{"line":91,"column":3}}},"3":{"name":"(anonymous_4)","decl":{"start":{"line":103,"column":5},"end":{"line":103,"column":10}},"loc":{"start":{"line":103,"column":30},"end":{"line":116,"column":3}}}},"branchMap":{"0":{"loc":{"start":{"line":48,"column":17},"end":{"line":48,"column":67}},"type":"binary-expr","locations":[{"start":{"line":48,"column":17},"end":{"line":48,"column":40}},{"start":{"line":48,"column":44},"end":{"line":48,"column":67}}]},"1":{"loc":{"start":{"line":49,"column":26},"end":{"line":49,"column":103}},"type":"binary-expr","locations":[{"start":{"line":49,"column":26},"end":{"line":49,"column":55}},{"start":{"line":49,"column":59},"end":{"line":49,"column":103}}]},"2":{"loc":{"start":{"line":88,"column":19},"end":{"line":88,"column":73}},"type":"cond-expr","locations":[{"start":{"line":88,"column":44},"end":{"line":88,"column":57}},{"start":{"line":88,"column":60},"end":{"line":88,"column":73}}]},"3":{"loc":{"start":{"line":107,"column":6},"end":{"line":109,"column":7}},"type":"if","locations":[{"start":{"line":107,"column":6},"end":{"line":109,"column":7}}]},"4":{"loc":{"start":{"line":107,"column":12},"end":{"line":107,"column":75}},"type":"binary-expr","locations":[{"start":{"line":107,"column":12},"end":{"line":107,"column":34}},{"start":{"line":107,"column":38},"end":{"line":107,"column":75}}]},"5":{"loc":{"start":{"line":113,"column":19},"end":{"line":113,"column":73}},"type":"cond-expr","locations":[{"start":{"line":113,"column":44},"end":{"line":113,"column":57}},{"start":{"line":113,"column":60},"end":{"line":113,"column":73}}]}},"s":{"0":1,"1":1,"2":1,"3":1,"4":1,"5":1,"6":1,"7":1,"8":1,"9":1,"10":1,"11":1,"12":0,"13":0,"14":1,"15":1,"16":1,"17":0,"18":0,"19":1,"20":2,"21":2,"22":1,"23":0,"24":1,"25":1},"f":{"0":1,"1":0,"2":1,"3":2},"b":{"0":[1,1],"1":[1,1],"2":[0,0],"3":[0],"4":[1,1],"5":[1,0]}}
}
