TN:
SF:src/ethereum.ts
FN:20,(anonymous_0)
FN:29,(anonymous_1)
FN:40,(anonymous_2)
FN:68,(anonymous_3)
FN:72,(anonymous_4)
FN:73,(anonymous_5)
FN:77,(anonymous_6)
FNF:7
FNH:0
FNDA:0,(anonymous_0)
FNDA:0,(anonymous_1)
FNDA:0,(anonymous_2)
FNDA:0,(anonymous_3)
FNDA:0,(anonymous_4)
FNDA:0,(anonymous_5)
FNDA:0,(anonymous_6)
DA:5,0
DA:9,0
DA:16,0
DA:21,0
DA:22,0
DA:31,0
DA:34,0
DA:37,0
DA:42,0
DA:54,0
DA:55,0
DA:57,0
DA:59,0
DA:60,0
DA:61,0
DA:69,0
DA:73,0
DA:74,0
DA:78,0
LF:19
LH:0
BRDA:29,0,0,0
BRDA:31,1,0,0
BRDA:31,1,1,0
BRDA:54,2,0,0
BRDA:54,2,1,0
BRF:5
BRH:0
end_of_record
TN:
SF:src/main.ts
FN:11,main
FN:23,(anonymous_1)
FNF:2
FNH:0
FNDA:0,main
FNDA:0,(anonymous_1)
DA:5,0
DA:6,0
DA:9,0
DA:12,0
DA:13,0
DA:14,0
DA:16,0
DA:17,0
DA:18,0
DA:21,0
DA:22,0
DA:23,0
DA:24,0
DA:25,0
DA:26,0
DA:28,0
DA:29,0
DA:34,0
DA:35,0
DA:39,0
LF:20
LH:0
BRDA:13,0,0,0
BRDA:13,0,1,0
BRDA:14,1,0,0
BRDA:14,1,1,0
BRF:4
BRH:0
end_of_record
TN:
SF:src/server.ts
FN:16,build
FN:53,(anonymous_2)
FN:80,(anonymous_3)
FN:103,(anonymous_4)
FNF:4
FNH:3
FNDA:1,build
FNDA:0,(anonymous_2)
FNDA:1,(anonymous_3)
FNDA:2,(anonymous_4)
DA:5,1
DA:6,1
DA:8,1
DA:16,1
DA:17,1
DA:22,1
DA:36,1
DA:48,1
DA:49,1
DA:50,1
DA:51,1
DA:53,1
DA:54,0
DA:59,0
DA:70,1
DA:81,1
DA:82,1
DA:84,0
DA:85,0
DA:93,1
DA:104,2
DA:105,2
DA:107,1
DA:108,0
DA:110,1
DA:118,1
LF:26
LH:21
BRDA:48,0,0,1
BRDA:48,0,1,1
BRDA:49,1,0,1
BRDA:49,1,1,1
BRDA:88,2,0,0
BRDA:88,2,1,0
BRDA:107,3,0,0
BRDA:107,4,0,1
BRDA:107,4,1,1
BRDA:113,5,0,1
BRDA:113,5,1,0
BRF:11
BRH:7
end_of_record
